<?xml version="1.0" encoding="UTF-8"?>
<!-- Generated by org.testng.reporters.JUnitXMLReporter -->
<testsuite ignored="0" hostname="Nigorushka-Air.lan" failures="9" tests="11" name="Default test" time="114.844" errors="0" timestamp="01 May 2023 01:01:36 GMT">
  <testcase classname="io.cucumber.testng.AbstractTestNGCucumberTests" name="runScenario" time="14.876">
    <failure type="java.io.FileNotFoundException" message="/Users/naveenautomationlabs/Desktop/automation.xlsx">
      <![CDATA[java.io.FileNotFoundException: /Users/naveenautomationlabs/Desktop/automation.xlsx
at org.apache.poi.ss.usermodel.WorkbookFactory.create(WorkbookFactory.java:317)
at org.apache.poi.ss.usermodel.WorkbookFactory.create(WorkbookFactory.java:295)
at org.apache.poi.ss.usermodel.WorkbookFactory.create(WorkbookFactory.java:276)
at com.qa.util.ExcelReader.getWorkBook(ExcelReader.java:44)
at com.qa.util.ExcelReader.getSheetByName(ExcelReader.java:34)
at com.qa.util.ExcelReader.getData(ExcelReader.java:23)
at parallel.ContactUsSteps.user_fills_the_form_from_given_sheetname_and_rownumber(ContactUsSteps.java:32)
at ✽.user fills the form from given sheetname "contactus" and rownumber 0(file:///Users/nigorabowles/eclipse-workspace/WF_Services/src/test/resources/parallel/ContactUs.feature:5)
]]>
    </failure>
  </testcase> <!-- runScenario -->
  <testcase classname="io.cucumber.testng.AbstractTestNGCucumberTests" name="runScenario" time="15.054">
    <failure type="java.io.FileNotFoundException" message="/Users/naveenautomationlabs/Desktop/automation.xlsx">
      <![CDATA[java.io.FileNotFoundException: /Users/naveenautomationlabs/Desktop/automation.xlsx
at org.apache.poi.ss.usermodel.WorkbookFactory.create(WorkbookFactory.java:317)
at org.apache.poi.ss.usermodel.WorkbookFactory.create(WorkbookFactory.java:295)
at org.apache.poi.ss.usermodel.WorkbookFactory.create(WorkbookFactory.java:276)
at com.qa.util.ExcelReader.getWorkBook(ExcelReader.java:44)
at com.qa.util.ExcelReader.getSheetByName(ExcelReader.java:34)
at com.qa.util.ExcelReader.getData(ExcelReader.java:23)
at parallel.ContactUsSteps.user_fills_the_form_from_given_sheetname_and_rownumber(ContactUsSteps.java:32)
at ✽.user fills the form from given sheetname "contactus" and rownumber 5(file:///Users/nigorabowles/eclipse-workspace/WF_Services/src/test/resources/parallel/ContactUs.feature:5)
]]>
    </failure>
  </testcase> <!-- runScenario -->
  <testcase classname="io.cucumber.testng.AbstractTestNGCucumberTests" name="runScenario" time="15.293">
    <failure type="java.io.FileNotFoundException" message="/Users/naveenautomationlabs/Desktop/automation.xlsx">
      <![CDATA[java.io.FileNotFoundException: /Users/naveenautomationlabs/Desktop/automation.xlsx
at org.apache.poi.ss.usermodel.WorkbookFactory.create(WorkbookFactory.java:317)
at org.apache.poi.ss.usermodel.WorkbookFactory.create(WorkbookFactory.java:295)
at org.apache.poi.ss.usermodel.WorkbookFactory.create(WorkbookFactory.java:276)
at com.qa.util.ExcelReader.getWorkBook(ExcelReader.java:44)
at com.qa.util.ExcelReader.getSheetByName(ExcelReader.java:34)
at com.qa.util.ExcelReader.getData(ExcelReader.java:23)
at parallel.ContactUsSteps.user_fills_the_form_from_given_sheetname_and_rownumber(ContactUsSteps.java:32)
at ✽.user fills the form from given sheetname "contactus" and rownumber 2(file:///Users/nigorabowles/eclipse-workspace/WF_Services/src/test/resources/parallel/ContactUs.feature:5)
]]>
    </failure>
  </testcase> <!-- runScenario -->
  <testcase classname="io.cucumber.testng.AbstractTestNGCucumberTests" name="runScenario" time="15.302">
    <failure type="java.io.FileNotFoundException" message="/Users/naveenautomationlabs/Desktop/automation.xlsx">
      <![CDATA[java.io.FileNotFoundException: /Users/naveenautomationlabs/Desktop/automation.xlsx
at org.apache.poi.ss.usermodel.WorkbookFactory.create(WorkbookFactory.java:317)
at org.apache.poi.ss.usermodel.WorkbookFactory.create(WorkbookFactory.java:295)
at org.apache.poi.ss.usermodel.WorkbookFactory.create(WorkbookFactory.java:276)
at com.qa.util.ExcelReader.getWorkBook(ExcelReader.java:44)
at com.qa.util.ExcelReader.getSheetByName(ExcelReader.java:34)
at com.qa.util.ExcelReader.getData(ExcelReader.java:23)
at parallel.ContactUsSteps.user_fills_the_form_from_given_sheetname_and_rownumber(ContactUsSteps.java:32)
at ✽.user fills the form from given sheetname "contactus" and rownumber 1(file:///Users/nigorabowles/eclipse-workspace/WF_Services/src/test/resources/parallel/ContactUs.feature:5)
]]>
    </failure>
  </testcase> <!-- runScenario -->
  <testcase classname="io.cucumber.testng.AbstractTestNGCucumberTests" name="runScenario" time="15.569">
    <failure type="java.io.FileNotFoundException" message="/Users/naveenautomationlabs/Desktop/automation.xlsx">
      <![CDATA[java.io.FileNotFoundException: /Users/naveenautomationlabs/Desktop/automation.xlsx
at org.apache.poi.ss.usermodel.WorkbookFactory.create(WorkbookFactory.java:317)
at org.apache.poi.ss.usermodel.WorkbookFactory.create(WorkbookFactory.java:295)
at org.apache.poi.ss.usermodel.WorkbookFactory.create(WorkbookFactory.java:276)
at com.qa.util.ExcelReader.getWorkBook(ExcelReader.java:44)
at com.qa.util.ExcelReader.getSheetByName(ExcelReader.java:34)
at com.qa.util.ExcelReader.getData(ExcelReader.java:23)
at parallel.ContactUsSteps.user_fills_the_form_from_given_sheetname_and_rownumber(ContactUsSteps.java:32)
at ✽.user fills the form from given sheetname "contactus" and rownumber 4(file:///Users/nigorabowles/eclipse-workspace/WF_Services/src/test/resources/parallel/ContactUs.feature:5)
]]>
    </failure>
  </testcase> <!-- runScenario -->
  <testcase classname="io.cucumber.testng.AbstractTestNGCucumberTests" name="runScenario" time="15.703">
    <failure type="java.io.FileNotFoundException" message="/Users/naveenautomationlabs/Desktop/automation.xlsx">
      <![CDATA[java.io.FileNotFoundException: /Users/naveenautomationlabs/Desktop/automation.xlsx
at org.apache.poi.ss.usermodel.WorkbookFactory.create(WorkbookFactory.java:317)
at org.apache.poi.ss.usermodel.WorkbookFactory.create(WorkbookFactory.java:295)
at org.apache.poi.ss.usermodel.WorkbookFactory.create(WorkbookFactory.java:276)
at com.qa.util.ExcelReader.getWorkBook(ExcelReader.java:44)
at com.qa.util.ExcelReader.getSheetByName(ExcelReader.java:34)
at com.qa.util.ExcelReader.getData(ExcelReader.java:23)
at parallel.ContactUsSteps.user_fills_the_form_from_given_sheetname_and_rownumber(ContactUsSteps.java:32)
at ✽.user fills the form from given sheetname "contactus" and rownumber 3(file:///Users/nigorabowles/eclipse-workspace/WF_Services/src/test/resources/parallel/ContactUs.feature:5)
]]>
    </failure>
  </testcase> <!-- runScenario -->
  <testcase classname="io.cucumber.testng.AbstractTestNGCucumberTests" name="runScenario" time="54.595"/>
  <testcase classname="io.cucumber.testng.AbstractTestNGCucumberTests" name="runScenario" time="59.118"/>
  <testcase classname="io.cucumber.testng.AbstractTestNGCucumberTests" name="runScenario" time="77.002">
    <failure type="java.lang.AssertionError">
      <![CDATA[java.lang.AssertionError
at org.junit.Assert.fail(Assert.java:87)
at org.junit.Assert.assertTrue(Assert.java:42)
at org.junit.Assert.assertTrue(Assert.java:53)
at parallel.LoginPageSteps.page_title_should_be(LoginPageSteps.java:32)
at ✽.page title should be "Account Summary - Wells Fargo"(file:///Users/nigorabowles/eclipse-workspace/WF_Services/src/test/resources/parallel/LoginPage.feature:18)
]]>
    </failure>
  </testcase> <!-- runScenario -->
  <testcase classname="io.cucumber.testng.AbstractTestNGCucumberTests" name="runScenario" time="92.443">
    <failure type="java.lang.AssertionError">
      <![CDATA[java.lang.AssertionError
at org.junit.Assert.fail(Assert.java:87)
at org.junit.Assert.assertTrue(Assert.java:42)
at org.junit.Assert.assertTrue(Assert.java:53)
at parallel.AccountsPageSteps.accounts_page_title_should_be(AccountsPageSteps.java:49)
at ✽.Accounts page title should be "Account Summary - Wells Fargo"(file:///Users/nigorabowles/eclipse-workspace/WF_Services/src/test/resources/parallel/AccountsPage.feature:12)
]]>
    </failure>
  </testcase> <!-- runScenario -->
  <testcase classname="io.cucumber.testng.AbstractTestNGCucumberTests" name="runScenario" time="92.633">
    <failure type="java.lang.AssertionError">
      <![CDATA[java.lang.AssertionError
at org.junit.Assert.fail(Assert.java:87)
at org.junit.Assert.assertTrue(Assert.java:42)
at org.junit.Assert.assertTrue(Assert.java:53)
at parallel.AccountsPageSteps.accounts_section_count_should_be(AccountsPageSteps.java:68)
at ✽.Navigation Bar section count should be 5(file:///Users/nigorabowles/eclipse-workspace/WF_Services/src/test/resources/parallel/AccountsPage.feature:23)
]]>
    </failure>
  </testcase> <!-- runScenario -->
</testsuite> <!-- Default test -->
